<?xml version="1.0" encoding="UTF-8"?>
<testng-results ignored="0" total="1" passed="1" failed="0" skipped="0">
  <reporter-output>
  </reporter-output>
  <suite started-at="2021-10-31T03:10:01 IST" name="Suite" finished-at="2021-10-31T03:10:28 IST" duration-ms="26836">
    <groups>
    </groups>
    <test started-at="2021-10-31T03:10:01 IST" name="Test" finished-at="2021-10-31T03:10:28 IST" duration-ms="26836">
      <class name="com.qa.testcases.SearchFlights">
        <test-method is-config="true" signature="setUp()[pri:0, instance:com.qa.testcases.SearchFlights@7c0c77c7]" started-at="2021-10-31T03:10:01 IST" name="setUp" finished-at="2021-10-31T03:10:06 IST" duration-ms="4850" status="PASS">
          <reporter-output>
          </reporter-output>
        </test-method> <!-- setUp -->
        <test-method signature="getFlightPrices()[pri:0, instance:com.qa.testcases.SearchFlights@7c0c77c7]" started-at="2021-10-31T03:10:06 IST" name="getFlightPrices" finished-at="2021-10-31T03:10:28 IST" duration-ms="21268" status="PASS">
          <reporter-output>
          </reporter-output>
        </test-method> <!-- getFlightPrices -->
        <test-method is-config="true" signature="tearDown()[pri:0, instance:com.qa.testcases.SearchFlights@7c0c77c7]" started-at="2021-10-31T03:10:28 IST" name="tearDown" finished-at="2021-10-31T03:10:28 IST" duration-ms="670" status="PASS">
          <reporter-output>
          </reporter-output>
        </test-method> <!-- tearDown -->
      </class> <!-- com.qa.testcases.SearchFlights -->
    </test> <!-- Test -->
  </suite> <!-- Suite -->
</testng-results>
